


ARM Macro Assembler    Page 1 


    1 00000000         
    2 00000000         
    3 00000000                 AREA             WB_INIT, CODE, READONLY
    4 00000000         
    5 00000000         ;--------------------------------------------
    6 00000000         ; Mode bits and interrupt flag (I&F) defines
    7 00000000         ;--------------------------------------------
    8 00000000 00000010 
                       USR_MODE
                               EQU              0x10
    9 00000000 00000011 
                       FIQ_MODE
                               EQU              0x11
   10 00000000 00000012 
                       IRQ_MODE
                               EQU              0x12
   11 00000000 00000013 
                       SVC_MODE
                               EQU              0x13
   12 00000000 00000017 
                       ABT_MODE
                               EQU              0x17
   13 00000000 0000001B 
                       UDF_MODE
                               EQU              0x1B
   14 00000000 0000001F 
                       SYS_MODE
                               EQU              0x1F
   15 00000000         
   16 00000000 00000080 
                       I_BIT   EQU              0x80
   17 00000000 00000040 
                       F_BIT   EQU              0x40
   18 00000000         
   19 00000000         ;----------------------------
   20 00000000         ; System / User Stack Memory
   21 00000000         ;----------------------------
   22 00000000 02000000 
                       RAM_Limit
                               EQU              0x2000000   ; For unexpanded ha
                                                            rdware board
   23 00000000         
   24 00000000         ;UND_Stack EQU  RAM_Limit
   25 00000000         ;Abort_Stack EQU    RAM_Limit-256
   26 00000000         ;IRQ_Stack       EQU      RAM_Limit-512       ; followed
                        by IRQ stack
   27 00000000         ;FIQ_Stack       EQU      RAM_Limit-768       ; followed
                        by IRQ stack
   28 00000000         ;SVC_Stack       EQU      RAM_Limit-1024      ; SVC stac
                       k at top of memory
   29 00000000         ;USR_Stack EQU  RAM_Limit
   30 00000000         
   31 00000000 02000000 
                       USR_Stack
                               EQU              RAM_Limit
   32 00000000 01FFF600 
                       UND_Stack
                               EQU              USR_Stack-2560
   33 00000000 01FFEC00 



ARM Macro Assembler    Page 2 


                       Abort_Stack
                               EQU              UND_Stack-2560
   34 00000000 01FFE200 
                       IRQ_Stack
                               EQU              Abort_Stack-2560
   35 00000000 01FFBA00 
                       FIQ_Stack
                               EQU              IRQ_Stack-10240
   36 00000000 01FF9200 
                       SVC_Stack
                               EQU              FIQ_Stack-10240
   37 00000000         
   38 00000000         
   39 00000000                 ENTRY
   40 00000000                 EXPORT           Reset_Go
   41 00000000         
   42 00000000         
   43 00000000                 EXPORT           Vector_Table
   44 00000000         Vector_Table
   45 00000000 EAFFFFFE        B                Reset_Go    ; Modified to be re
                                                            lative jumb for ext
                                                            ernal boot
   46 00000004 E59FF018        LDR              PC, Undefined_Addr
   47 00000008 E59FF018        LDR              PC, SWI_Addr
   48 0000000C E59FF018        LDR              PC, Prefetch_Addr
   49 00000010 E59FF018        LDR              PC, Abort_Addr
   50 00000014 00000000        DCD              0x0
   51 00000018 E59FF018        LDR              PC, IRQ_Addr
   52 0000001C E59FF018        LDR              PC, FIQ_Addr
   53 00000020         
   54 00000020         
   55 00000020 00000000 
                       Reset_Addr
                               DCD              Reset_Go
   56 00000024 00000000 
                       Undefined_Addr
                               DCD              Undefined_Handler
   57 00000028 00000000 
                       SWI_Addr
                               DCD              SWI_Handler1
   58 0000002C 00000000 
                       Prefetch_Addr
                               DCD              Prefetch_Handler
   59 00000030 00000000 
                       Abort_Addr
                               DCD              Abort_Handler
   60 00000034 00000000        DCD              0
   61 00000038 00000000 
                       IRQ_Addr
                               DCD              IRQ_Handler
   62 0000003C 00000000 
                       FIQ_Addr
                               DCD              FIQ_Handler
   63 00000040         
   64 00000040         
   65 00000040         ; ************************
   66 00000040         ; Exception Handlers
   67 00000040         ; ************************
   68 00000040         



ARM Macro Assembler    Page 3 


   69 00000040         ; The following dummy handlers do not do anything useful
                        in this example.
   70 00000040         ; They are set up here for completeness.
   71 00000040         
   72 00000040         Undefined_Handler
   73 00000040 EAFFFFFE        B                Undefined_Handler
   74 00000044         SWI_Handler1
   75 00000044 EAFFFFFE        B                SWI_Handler1
   76 00000048         Prefetch_Handler
   77 00000048 EAFFFFFE        B                Prefetch_Handler
   78 0000004C         Abort_Handler
   79 0000004C EAFFFFFE        B                Abort_Handler
   80 00000050         IRQ_Handler
   81 00000050 EAFFFFFE        B                IRQ_Handler
   82 00000054         FIQ_Handler
   83 00000054 EAFFFFFE        B                FIQ_Handler
   84 00000058         
   85 00000058         
   86 00000058         Reset_Go
   87 00000058         
   88 00000058         ;--------------------------------
   89 00000058         ; Initial Stack Pointer register
   90 00000058         ;--------------------------------
   91 00000058         ;INIT_STACK 
   92 00000058 E321F0DB        MSR              CPSR_c, #UDF_MODE :OR: I_BIT :O
R: F_BIT
   93 0000005C E59FD034        LDR              SP, =UND_Stack
   94 00000060         
   95 00000060 E321F0D7        MSR              CPSR_c, #ABT_MODE :OR: I_BIT :O
R: F_BIT
   96 00000064 E59FD030        LDR              SP, =Abort_Stack
   97 00000068         
   98 00000068 E321F0D2        MSR              CPSR_c, #IRQ_MODE :OR: I_BIT :O
R: F_BIT
   99 0000006C E59FD02C        LDR              SP, =IRQ_Stack
  100 00000070         
  101 00000070 E321F0D1        MSR              CPSR_c, #FIQ_MODE :OR: I_BIT :O
R: F_BIT
  102 00000074 E59FD028        LDR              SP, =FIQ_Stack
  103 00000078         
  104 00000078 E321F0DF        MSR              CPSR_c, #SYS_MODE :OR: I_BIT :O
R: F_BIT
  105 0000007C E59FD024        LDR              SP, =USR_Stack
  106 00000080         
  107 00000080 E321F0D3        MSR              CPSR_c, #SVC_MODE :OR: I_BIT :O
R: F_BIT
  108 00000084 E59FD020        LDR              SP, =SVC_Stack
  109 00000088         
  110 00000088         
  111 00000088         
  112 00000088         ;------------------------------------------------------
  113 00000088         ; Set the normal exception vector of CP15 control bit   
                        
  114 00000088         ;------------------------------------------------------ 
                          
  115 00000088 EE110F10        MRC              p15, 0, r0 , c1, c0 ; r0 := cp1
                                                            5 register 1
  116 0000008C E3C00A02        BIC              r0, r0, #0x2000 
                                                            ; Clear bit13 in r1



ARM Macro Assembler    Page 4 


                                                            
  117 00000090 EE010F10        MCR              p15, 0, r0 , c1, c0 ; cp15 regi
                                                            ster 1 := r0
  118 00000094         
  119 00000094                 IF               :DEF:SYS_INIT
  195                          ENDIF
  196 00000094         
  197 00000094         
  198 00000094                 IMPORT           __main
  199 00000094         ;-----------------------------
  200 00000094         ; enter the C code
  201 00000094         ;----------------------------- 
  202 00000094 EAFFFFFE        B                __main
  203 00000098         
  204 00000098                 END
              01FFF600 
              01FFEC00 
              01FFE200 
              01FFBA00 
              02000000 
              01FF9200 
Command Line: --debug --xref --diag_suppress=9931 --cpu=ARM926EJ-S --apcs=inter
work --depend=.\vin_demo_data\pc2m01-2d01-gp-qvga-port1\wb_init.d -o.\vin_demo_
data\pc2m01-2d01-gp-qvga-port1\wb_init.o -IC:\Keil_v5\ARM\RV31\INC -IC:\Keil_v5
\ARM\CMSIS\Include -IC:\Keil_v5\ARM\Inc\Toshiba --predefine="__UVISION_VERSION 
SETA 524" --list=.\vin_demo_data\pc2m01-2d01-gp-qvga-port1\wb_init.lst ..\..\St
artup\wb_init.s



ARM Macro Assembler    Page 1 Alphabetic symbol ordering
Relocatable symbols

Abort_Addr 00000030

Symbol: Abort_Addr
   Definitions
      At line 59 in file ..\..\Startup\wb_init.s
   Uses
      At line 49 in file ..\..\Startup\wb_init.s
Comment: Abort_Addr used once
Abort_Handler 0000004C

Symbol: Abort_Handler
   Definitions
      At line 78 in file ..\..\Startup\wb_init.s
   Uses
      At line 59 in file ..\..\Startup\wb_init.s
      At line 79 in file ..\..\Startup\wb_init.s

FIQ_Addr 0000003C

Symbol: FIQ_Addr
   Definitions
      At line 62 in file ..\..\Startup\wb_init.s
   Uses
      At line 52 in file ..\..\Startup\wb_init.s
Comment: FIQ_Addr used once
FIQ_Handler 00000054

Symbol: FIQ_Handler
   Definitions
      At line 82 in file ..\..\Startup\wb_init.s
   Uses
      At line 62 in file ..\..\Startup\wb_init.s
      At line 83 in file ..\..\Startup\wb_init.s

IRQ_Addr 00000038

Symbol: IRQ_Addr
   Definitions
      At line 61 in file ..\..\Startup\wb_init.s
   Uses
      At line 51 in file ..\..\Startup\wb_init.s
Comment: IRQ_Addr used once
IRQ_Handler 00000050

Symbol: IRQ_Handler
   Definitions
      At line 80 in file ..\..\Startup\wb_init.s
   Uses
      At line 61 in file ..\..\Startup\wb_init.s
      At line 81 in file ..\..\Startup\wb_init.s

Prefetch_Addr 0000002C

Symbol: Prefetch_Addr
   Definitions
      At line 58 in file ..\..\Startup\wb_init.s
   Uses
      At line 48 in file ..\..\Startup\wb_init.s
Comment: Prefetch_Addr used once



ARM Macro Assembler    Page 2 Alphabetic symbol ordering
Relocatable symbols

Prefetch_Handler 00000048

Symbol: Prefetch_Handler
   Definitions
      At line 76 in file ..\..\Startup\wb_init.s
   Uses
      At line 58 in file ..\..\Startup\wb_init.s
      At line 77 in file ..\..\Startup\wb_init.s

Reset_Addr 00000020

Symbol: Reset_Addr
   Definitions
      At line 55 in file ..\..\Startup\wb_init.s
   Uses
      None
Comment: Reset_Addr unused
Reset_Go 00000058

Symbol: Reset_Go
   Definitions
      At line 86 in file ..\..\Startup\wb_init.s
   Uses
      At line 40 in file ..\..\Startup\wb_init.s
      At line 45 in file ..\..\Startup\wb_init.s
      At line 55 in file ..\..\Startup\wb_init.s

SWI_Addr 00000028

Symbol: SWI_Addr
   Definitions
      At line 57 in file ..\..\Startup\wb_init.s
   Uses
      At line 47 in file ..\..\Startup\wb_init.s
Comment: SWI_Addr used once
SWI_Handler1 00000044

Symbol: SWI_Handler1
   Definitions
      At line 74 in file ..\..\Startup\wb_init.s
   Uses
      At line 57 in file ..\..\Startup\wb_init.s
      At line 75 in file ..\..\Startup\wb_init.s

Undefined_Addr 00000024

Symbol: Undefined_Addr
   Definitions
      At line 56 in file ..\..\Startup\wb_init.s
   Uses
      At line 46 in file ..\..\Startup\wb_init.s
Comment: Undefined_Addr used once
Undefined_Handler 00000040

Symbol: Undefined_Handler
   Definitions
      At line 72 in file ..\..\Startup\wb_init.s
   Uses
      At line 56 in file ..\..\Startup\wb_init.s



ARM Macro Assembler    Page 3 Alphabetic symbol ordering
Relocatable symbols

      At line 73 in file ..\..\Startup\wb_init.s

Vector_Table 00000000

Symbol: Vector_Table
   Definitions
      At line 44 in file ..\..\Startup\wb_init.s
   Uses
      At line 43 in file ..\..\Startup\wb_init.s
Comment: Vector_Table used once
WB_INIT 00000000

Symbol: WB_INIT
   Definitions
      At line 3 in file ..\..\Startup\wb_init.s
   Uses
      None
Comment: WB_INIT unused
16 symbols



ARM Macro Assembler    Page 1 Alphabetic symbol ordering
Absolute symbols

ABT_MODE 00000017

Symbol: ABT_MODE
   Definitions
      At line 12 in file ..\..\Startup\wb_init.s
   Uses
      At line 95 in file ..\..\Startup\wb_init.s
Comment: ABT_MODE used once
Abort_Stack 01FFEC00

Symbol: Abort_Stack
   Definitions
      At line 33 in file ..\..\Startup\wb_init.s
   Uses
      At line 34 in file ..\..\Startup\wb_init.s
      At line 96 in file ..\..\Startup\wb_init.s

FIQ_MODE 00000011

Symbol: FIQ_MODE
   Definitions
      At line 9 in file ..\..\Startup\wb_init.s
   Uses
      At line 101 in file ..\..\Startup\wb_init.s
Comment: FIQ_MODE used once
FIQ_Stack 01FFBA00

Symbol: FIQ_Stack
   Definitions
      At line 35 in file ..\..\Startup\wb_init.s
   Uses
      At line 36 in file ..\..\Startup\wb_init.s
      At line 102 in file ..\..\Startup\wb_init.s

F_BIT 00000040

Symbol: F_BIT
   Definitions
      At line 17 in file ..\..\Startup\wb_init.s
   Uses
      At line 92 in file ..\..\Startup\wb_init.s
      At line 95 in file ..\..\Startup\wb_init.s
      At line 98 in file ..\..\Startup\wb_init.s
      At line 101 in file ..\..\Startup\wb_init.s
      At line 104 in file ..\..\Startup\wb_init.s
      At line 107 in file ..\..\Startup\wb_init.s

IRQ_MODE 00000012

Symbol: IRQ_MODE
   Definitions
      At line 10 in file ..\..\Startup\wb_init.s
   Uses
      At line 98 in file ..\..\Startup\wb_init.s
Comment: IRQ_MODE used once
IRQ_Stack 01FFE200

Symbol: IRQ_Stack
   Definitions



ARM Macro Assembler    Page 2 Alphabetic symbol ordering
Absolute symbols

      At line 34 in file ..\..\Startup\wb_init.s
   Uses
      At line 35 in file ..\..\Startup\wb_init.s
      At line 99 in file ..\..\Startup\wb_init.s

I_BIT 00000080

Symbol: I_BIT
   Definitions
      At line 16 in file ..\..\Startup\wb_init.s
   Uses
      At line 92 in file ..\..\Startup\wb_init.s
      At line 95 in file ..\..\Startup\wb_init.s
      At line 98 in file ..\..\Startup\wb_init.s
      At line 101 in file ..\..\Startup\wb_init.s
      At line 104 in file ..\..\Startup\wb_init.s
      At line 107 in file ..\..\Startup\wb_init.s

RAM_Limit 02000000

Symbol: RAM_Limit
   Definitions
      At line 22 in file ..\..\Startup\wb_init.s
   Uses
      At line 31 in file ..\..\Startup\wb_init.s
Comment: RAM_Limit used once
SVC_MODE 00000013

Symbol: SVC_MODE
   Definitions
      At line 11 in file ..\..\Startup\wb_init.s
   Uses
      At line 107 in file ..\..\Startup\wb_init.s
Comment: SVC_MODE used once
SVC_Stack 01FF9200

Symbol: SVC_Stack
   Definitions
      At line 36 in file ..\..\Startup\wb_init.s
   Uses
      At line 108 in file ..\..\Startup\wb_init.s
Comment: SVC_Stack used once
SYS_MODE 0000001F

Symbol: SYS_MODE
   Definitions
      At line 14 in file ..\..\Startup\wb_init.s
   Uses
      At line 104 in file ..\..\Startup\wb_init.s
Comment: SYS_MODE used once
UDF_MODE 0000001B

Symbol: UDF_MODE
   Definitions
      At line 13 in file ..\..\Startup\wb_init.s
   Uses
      At line 92 in file ..\..\Startup\wb_init.s
Comment: UDF_MODE used once
UND_Stack 01FFF600



ARM Macro Assembler    Page 3 Alphabetic symbol ordering
Absolute symbols


Symbol: UND_Stack
   Definitions
      At line 32 in file ..\..\Startup\wb_init.s
   Uses
      At line 33 in file ..\..\Startup\wb_init.s
      At line 93 in file ..\..\Startup\wb_init.s

USR_MODE 00000010

Symbol: USR_MODE
   Definitions
      At line 8 in file ..\..\Startup\wb_init.s
   Uses
      None
Comment: USR_MODE unused
USR_Stack 02000000

Symbol: USR_Stack
   Definitions
      At line 31 in file ..\..\Startup\wb_init.s
   Uses
      At line 32 in file ..\..\Startup\wb_init.s
      At line 105 in file ..\..\Startup\wb_init.s

16 symbols



ARM Macro Assembler    Page 1 Alphabetic symbol ordering
External symbols

__main 00000000

Symbol: __main
   Definitions
      At line 198 in file ..\..\Startup\wb_init.s
   Uses
      At line 202 in file ..\..\Startup\wb_init.s
Comment: __main used once
1 symbol
368 symbols in table
